Intents/app/build/intermediates/manifest_merge_blame_file/debug/manifest-merger-blame-debug-report.txt
1<?xml version="1.0" encoding="utf-8"?>
2<manifest xmlns:android="http://schemas.android.com/apk/res/android"
3    package="dominando.android.intents"
4    android:versionCode="1"
5    android:versionName="1.0" >
6
7    <uses-sdk
8        android:minSdkVersion="28"
8-->src/main/AndroidManifest.xml
9        android:targetSdkVersion="29" />
9-->src/main/AndroidManifest.xml
10
11    <application
11-->src/main/AndroidManifest.xml:5:5-30:19
12        android:allowBackup="true"
12-->src/main/AndroidManifest.xml:6:9-35
13        android:appComponentFactory="androidx.core.app.CoreComponentFactory"
13-->[androidx.core:core:1.0.2] AndroidManifest.xml:22:18-86
14        android:debuggable="true"
15        android:icon="@mipmap/ic_launcher"
15-->src/main/AndroidManifest.xml:7:9-43
16        android:label="@string/app_name"
16-->src/main/AndroidManifest.xml:8:9-41
17        android:roundIcon="@mipmap/ic_launcher_round"
17-->src/main/AndroidManifest.xml:9:9-54
18        android:supportsRtl="true"
18-->src/main/AndroidManifest.xml:10:9-35
19        android:testOnly="true"
20        android:theme="@style/AppTheme" >
20-->src/main/AndroidManifest.xml:11:9-40
21        <activity android:name="dominando.android.intents.ActioinActivity" >
21-->src/main/AndroidManifest.xml:12:9-22:20
21-->src/main/AndroidManifest.xml:12:19-50
22            <intent-filter>
22-->src/main/AndroidManifest.xml:13:13-17:29
23                <action android:name="android.intent.action.VIEW" />
23-->src/main/AndroidManifest.xml:14:17-68
23-->src/main/AndroidManifest.xml:14:25-66
24
25                <category android:name="android.intent.category.DEFAULT" />
25-->src/main/AndroidManifest.xml:15:17-75
25-->src/main/AndroidManifest.xml:15:27-73
26
27                <data android:scheme="produto" />
27-->src/main/AndroidManifest.xml:16:17-49
27-->src/main/AndroidManifest.xml:16:23-47
28            </intent-filter>
29            <intent-filter>
29-->src/main/AndroidManifest.xml:18:13-21:29
30                <action android:name="dominando.android.CUSTOM_ACTION" />
30-->src/main/AndroidManifest.xml:19:17-73
30-->src/main/AndroidManifest.xml:19:25-71
31
32                <category android:name="android.intent.category.DEFAULT" />
32-->src/main/AndroidManifest.xml:15:17-75
32-->src/main/AndroidManifest.xml:15:27-73
33            </intent-filter>
34        </activity>
35        <activity android:name="dominando.android.intents.MainActivity" >
35-->src/main/AndroidManifest.xml:23:9-29:20
35-->src/main/AndroidManifest.xml:23:19-47
36            <intent-filter>
36-->src/main/AndroidManifest.xml:24:13-28:29
37                <action android:name="android.intent.action.MAIN" />
37-->src/main/AndroidManifest.xml:25:17-69
37-->src/main/AndroidManifest.xml:25:25-66
38
39                <category android:name="android.intent.category.LAUNCHER" />
39-->src/main/AndroidManifest.xml:27:17-77
39-->src/main/AndroidManifest.xml:27:27-74
40            </intent-filter>
41        </activity>
42    </application>
43
44</manifest>